01:01:15.259 [main] DEBUG org.testng.TestNG - suiteXmlPath: "C:\eclipse-workspace\OpencartProject\master.xml"
01:01:15.812 [main] INFO  org.testng.internal.Utils - [TestNG] Running:
  C:\eclipse-workspace\OpencartProject\master.xml

01:01:27.200 [main] INFO  Testcases.TC02_Login - Redirecting to LoginPage
01:01:28.509 [main] INFO  Testcases.TC02_Login - Filling valid login credentials
01:01:30.502 [main] INFO  Testcases.TC02_Login - Successfully logged in
01:03:25.597 [main] DEBUG org.testng.TestNG - suiteXmlPath: "C:\eclipse-workspace\OpencartProject\ParallelTesting.xml"
01:04:02.853 [main] DEBUG org.testng.TestNG - suiteXmlPath: "C:\eclipse-workspace\OpencartProject\ParallelTesting.xml"
01:04:03.415 [main] INFO  org.testng.internal.Utils - [TestNG] Running:
  C:\eclipse-workspace\OpencartProject\ParallelTesting.xml

01:04:11.707 [TestNG-tests-1] INFO  Testcases.TC02_Login - Redirecting to LoginPage
01:04:13.099 [TestNG-tests-1] INFO  Testcases.TC02_Login - Filling valid login credentials
01:04:15.214 [TestNG-tests-1] INFO  Testcases.TC02_Login - Successfully logged in
01:04:22.277 [TestNG-tests-2] INFO  Testcases.TC02_Login - Redirecting to LoginPage
01:04:23.150 [TestNG-tests-2] INFO  Testcases.TC02_Login - Filling valid login credentials
01:04:24.993 [TestNG-tests-2] INFO  Testcases.TC02_Login - Successfully logged in
01:07:30.464 [main] DEBUG org.testng.TestNG - suiteXmlPath: "C:\eclipse-workspace\OpencartProject\ParallelTesting.xml"
01:07:31.170 [main] INFO  org.testng.internal.Utils - [TestNG] Running:
  C:\eclipse-workspace\OpencartProject\ParallelTesting.xml

01:07:41.849 [TestNG-tests-2] INFO  Testcases.TC02_Login - Redirecting to LoginPage
01:07:41.849 [TestNG-tests-1] INFO  Testcases.TC02_Login - Redirecting to LoginPage
01:10:01.705 [main] DEBUG org.testng.TestNG - suiteXmlPath: "C:\eclipse-workspace\OpencartProject\master.xml"
01:10:02.295 [main] INFO  org.testng.internal.Utils - [TestNG] Running:
  C:\eclipse-workspace\OpencartProject\master.xml

01:10:09.142 [main] INFO  Testcases.TC02_Login - Redirecting to LoginPage
01:10:10.361 [main] INFO  Testcases.TC02_Login - Filling valid login credentials
01:10:13.605 [main] INFO  Testcases.TC02_Login - Successfully logged in
01:15:28.954 [main] DEBUG org.testng.TestNG - suiteXmlPath: "C:\eclipse-workspace\OpencartProject\master.xml"
01:15:29.510 [main] INFO  org.testng.internal.Utils - [TestNG] Running:
  C:\eclipse-workspace\OpencartProject\master.xml

01:18:45.032 [main] DEBUG org.testng.TestNG - suiteXmlPath: "C:\eclipse-workspace\OpencartProject\master.xml"
01:18:45.666 [main] INFO  org.testng.internal.Utils - [TestNG] Running:
  C:\eclipse-workspace\OpencartProject\master.xml

18:49:17.675 [main] DEBUG org.testng.TestNG - suiteXmlPath: "C:\eclipse-workspace\OpencartProject\grid docker.xml"
18:49:18.174 [main] INFO  org.testng.internal.Utils - [TestNG] Running:
  C:\eclipse-workspace\OpencartProject\grid docker.xml

18:49:43.334 [main] INFO  Testcases.TC02_Login - Redirecting to LoginPage
18:49:44.528 [main] INFO  Testcases.TC02_Login - Filling valid login credentials
18:49:46.827 [main] INFO  Testcases.TC02_Login - Successfully logged in
18:51:31.861 [main] DEBUG org.testng.TestNG - suiteXmlPath: "C:\eclipse-workspace\OpencartProject\grid docker.xml"
18:51:32.315 [main] INFO  org.testng.internal.Utils - [TestNG] Running:
  C:\eclipse-workspace\OpencartProject\grid docker.xml

18:51:39.341 [main] INFO  Testcases.TC02_Login - Redirecting to LoginPage
18:51:40.507 [main] INFO  Testcases.TC02_Login - Filling valid login credentials
18:51:42.199 [main] INFO  Testcases.TC02_Login - Successfully logged in
18:51:50.950 [main] INFO  Testcases.TC02_Login - Redirecting to LoginPage
18:51:51.897 [main] INFO  Testcases.TC02_Login - Filling valid login credentials
18:51:53.692 [main] INFO  Testcases.TC02_Login - Successfully logged in
20:56:06.886 [main] DEBUG org.testng.TestNG - suiteXmlPath: "C:\eclipse-workspace\OpencartProject\grid docker.xml"
20:56:07.493 [main] INFO  org.testng.internal.Utils - [TestNG] Running:
  C:\eclipse-workspace\OpencartProject\grid docker.xml

20:56:22.075 [main] INFO  Testcases.TC02_Login - Redirecting to LoginPage
20:56:23.270 [main] INFO  Testcases.TC02_Login - Filling valid login credentials
20:56:25.005 [main] INFO  Testcases.TC02_Login - Successfully logged in
20:56:33.588 [main] INFO  Testcases.TC02_Login - Redirecting to LoginPage
20:56:34.357 [main] INFO  Testcases.TC02_Login - Filling valid login credentials
20:56:36.446 [main] INFO  Testcases.TC02_Login - Successfully logged in
21:12:56.421 [main] DEBUG org.testng.TestNG - suiteXmlPath: "C:\eclipse-workspace\OpencartProject\grid docker.xml"
21:12:56.947 [main] INFO  org.testng.internal.Utils - [TestNG] Running:
  C:\eclipse-workspace\OpencartProject\grid docker.xml

21:13:03.876 [main] INFO  Testcases.TC02_Login - Redirecting to LoginPage
21:13:04.900 [main] INFO  Testcases.TC02_Login - Filling valid login credentials
