22:04:58.417 [main] DEBUG org.apache.poi.openxml4j.opc.PackageRelationshipCollection - Parsing relationship: /xl/worksheets/_rels/sheet1.xml.rels
22:04:58.455 [main] DEBUG org.apache.poi.openxml4j.opc.PackageRelationshipCollection - Parsing relationship: /_rels/.rels
22:04:58.504 [main] DEBUG org.apache.poi.openxml4j.opc.PackageRelationshipCollection - Parsing relationship: /xl/_rels/workbook.xml.rels
22:04:58.506 [main] DEBUG org.apache.poi.openxml4j.opc.PackageRelationshipCollection - Parsing relationship: /xl/worksheets/_rels/sheet1.xml.rels
22:04:58.508 [main] DEBUG org.apache.poi.openxml4j.opc.PackageRelationshipCollection - Parsing relationship: /_rels/.rels
22:04:58.561 [main] DEBUG org.apache.poi.openxml4j.opc.PackageRelationshipCollection - Parsing relationship: /xl/_rels/workbook.xml.rels
22:04:58.561 [main] DEBUG org.apache.poi.openxml4j.opc.PackageRelationshipCollection - Parsing relationship: /xl/worksheets/_rels/sheet1.xml.rels
22:04:58.565 [main] DEBUG org.apache.poi.openxml4j.opc.PackageRelationshipCollection - Parsing relationship: /_rels/.rels
22:04:58.611 [main] DEBUG org.apache.poi.openxml4j.opc.PackageRelationshipCollection - Parsing relationship: /xl/_rels/workbook.xml.rels
22:04:58.613 [main] DEBUG org.apache.poi.openxml4j.opc.PackageRelationshipCollection - Parsing relationship: /xl/worksheets/_rels/sheet1.xml.rels
22:04:58.615 [main] DEBUG org.apache.poi.openxml4j.opc.PackageRelationshipCollection - Parsing relationship: /_rels/.rels
22:04:58.660 [main] DEBUG org.apache.poi.openxml4j.opc.PackageRelationshipCollection - Parsing relationship: /xl/_rels/workbook.xml.rels
22:04:58.666 [main] DEBUG org.apache.poi.openxml4j.opc.PackageRelationshipCollection - Parsing relationship: /xl/worksheets/_rels/sheet1.xml.rels
22:04:58.668 [main] DEBUG org.apache.poi.openxml4j.opc.PackageRelationshipCollection - Parsing relationship: /_rels/.rels
22:04:58.770 [main] DEBUG org.apache.poi.openxml4j.opc.PackageRelationshipCollection - Parsing relationship: /xl/_rels/workbook.xml.rels
22:04:58.774 [main] DEBUG org.apache.poi.openxml4j.opc.PackageRelationshipCollection - Parsing relationship: /xl/worksheets/_rels/sheet1.xml.rels
22:04:58.776 [main] DEBUG org.apache.poi.openxml4j.opc.PackageRelationshipCollection - Parsing relationship: /_rels/.rels
22:04:58.961 [main] INFO  Testcases.TC03_LoginDatadriven - Execution started
22:05:06.623 [main] INFO  Testcases.TC03_LoginDatadriven - Execution completed
22:05:06.648 [main] INFO  Testcases.TC03_LoginDatadriven - Execution started
22:05:10.241 [main] INFO  Testcases.TC03_LoginDatadriven - Execution completed
22:05:10.278 [main] INFO  Testcases.TC03_LoginDatadriven - Execution started
22:05:14.449 [main] INFO  Testcases.TC03_LoginDatadriven - Execution completed
22:05:14.496 [main] INFO  Testcases.TC03_LoginDatadriven - Execution started
22:05:46.361 [main] INFO  Testcases.TC03_LoginDatadriven - Login failed due to invalid credentials
22:05:46.363 [main] INFO  Testcases.TC03_LoginDatadriven - Execution completed
22:34:19.160 [main] DEBUG org.testng.TestNG - suiteXmlPath: "C:\eclipse-workspace\OpencartProject\groupping.xml"
22:36:05.298 [main] DEBUG org.testng.TestNG - suiteXmlPath: "C:\eclipse-workspace\OpencartProject\groupping.xml"
22:36:58.716 [main] DEBUG org.testng.TestNG - suiteXmlPath: "C:\eclipse-workspace\OpencartProject\groupping.xml"
22:36:59.314 [main] INFO  org.testng.internal.Utils - [TestNG] Running:
  C:\eclipse-workspace\OpencartProject\groupping.xml

22:37:04.785 [main] INFO  Testcases.TC01_Register - Execution started for TC01_RegisterwithValid
22:37:05.979 [main] INFO  Testcases.TC01_Register - Redirected to register page
22:37:08.168 [main] INFO  Testcases.TC01_Register - Filled details and clicked continue button
22:37:08.249 [main] ERROR Testcases.TC01_Register - Test Failed
22:37:08.249 [main] DEBUG Testcases.TC01_Register - debug logs
22:37:12.503 [main] INFO  Testcases.TC02_Login - Redirecting to LoginPage
22:37:13.315 [main] INFO  Testcases.TC02_Login - Filling valid login credentials
22:37:14.825 [main] INFO  Testcases.TC02_Login - Successfully logged in
22:48:35.098 [main] DEBUG org.testng.TestNG - suiteXmlPath: "C:\eclipse-workspace\OpencartProject\groupping.xml"
22:48:35.687 [main] INFO  org.testng.internal.Utils - [TestNG] Running:
  C:\eclipse-workspace\OpencartProject\groupping.xml

22:48:42.606 [main] INFO  Testcases.TC01_Register - Execution started for TC01_RegisterwithValid
22:48:44.643 [main] INFO  Testcases.TC01_Register - Redirected to register page
22:48:46.750 [main] INFO  Testcases.TC01_Register - Filled details and clicked continue button
22:48:46.822 [main] ERROR Testcases.TC01_Register - Test Failed
22:48:46.822 [main] DEBUG Testcases.TC01_Register - debug logs
22:48:50.906 [main] INFO  Testcases.TC02_Login - Redirecting to LoginPage
22:48:51.774 [main] INFO  Testcases.TC02_Login - Filling valid login credentials
22:48:53.185 [main] INFO  Testcases.TC02_Login - Successfully logged in
