22:49:39.469 [main] DEBUG org.testng.TestNG - suiteXmlPath: "C:\eclipse-workspace\OpencartProject\groupping.xml"
22:49:40.487 [main] INFO  org.testng.internal.Utils - [TestNG] Running:
  C:\eclipse-workspace\OpencartProject\groupping.xml

22:49:40.621 [main] INFO  org.testng.internal.Utils - [TestNG] Running:
  C:\eclipse-workspace\OpencartProject\groupping.xml

22:49:48.395 [main] INFO  Testcases.TC01_Register - Execution started for TC01_RegisterwithValid
22:49:48.399 [main] INFO  Testcases.TC01_Register - Execution started for TC01_RegisterwithValid
22:49:49.728 [main] INFO  Testcases.TC01_Register - Redirected to register page
22:49:50.239 [main] INFO  Testcases.TC01_Register - Redirected to register page
22:49:54.052 [main] INFO  Testcases.TC01_Register - Filled details and clicked continue button
22:49:54.057 [main] INFO  Testcases.TC01_Register - Filled details and clicked continue button
22:49:54.148 [main] INFO  Testcases.TC01_Register - Account Registered successfully
22:49:54.154 [main] INFO  Testcases.TC01_Register - Execution completed
22:49:54.191 [main] INFO  Testcases.TC01_Register - Account Registered successfully
22:49:54.200 [main] INFO  Testcases.TC01_Register - Execution completed
22:50:00.543 [main] INFO  Testcases.TC02_Login - Redirecting to LoginPage
22:50:00.905 [main] INFO  Testcases.TC02_Login - Redirecting to LoginPage
22:50:02.948 [main] INFO  Testcases.TC02_Login - Filling valid login credentials
22:50:03.533 [main] INFO  Testcases.TC02_Login - Filling valid login credentials
22:50:10.201 [main] INFO  Testcases.TC02_Login - Successfully logged in
22:50:10.415 [main] INFO  Testcases.TC02_Login - Successfully logged in
22:52:25.850 [main] DEBUG org.testng.TestNG - suiteXmlPath: "C:\eclipse-workspace\OpencartProject\groupping.xml"
22:52:26.652 [main] INFO  org.testng.internal.Utils - [TestNG] Running:
  C:\eclipse-workspace\OpencartProject\groupping.xml

22:52:33.733 [main] INFO  Testcases.TC01_Register - Execution started for TC01_RegisterwithValid
22:52:34.847 [main] INFO  Testcases.TC01_Register - Redirected to register page
22:52:37.207 [main] INFO  Testcases.TC01_Register - Filled details and clicked continue button
22:52:37.270 [main] INFO  Testcases.TC01_Register - Account Registered successfully
22:52:37.274 [main] INFO  Testcases.TC01_Register - Execution completed
22:52:42.160 [main] INFO  Testcases.TC02_Login - Redirecting to LoginPage
22:52:43.037 [main] INFO  Testcases.TC02_Login - Filling valid login credentials
22:52:44.497 [main] INFO  Testcases.TC02_Login - Successfully logged in
00:15:03.926 [main] DEBUG org.testng.TestNG - suiteXmlPath: "C:\eclipse-workspace\OpencartProject\master.xml"
00:15:42.489 [main] DEBUG org.testng.TestNG - suiteXmlPath: "C:\eclipse-workspace\OpencartProject\master.xml"
00:15:42.915 [main] INFO  org.testng.internal.Utils - [TestNG] Running:
  C:\eclipse-workspace\OpencartProject\master.xml

00:15:48.383 [main] INFO  Testcases.TC02_Login - Redirecting to LoginPage
00:15:49.296 [main] INFO  Testcases.TC02_Login - Filling valid login credentials
00:15:50.795 [main] INFO  Testcases.TC02_Login - Successfully logged in
00:27:37.920 [main] DEBUG org.testng.TestNG - suiteXmlPath: "C:\eclipse-workspace\OpencartProject\master.xml"
00:27:38.351 [main] INFO  org.testng.internal.Utils - [TestNG] Running:
  C:\eclipse-workspace\OpencartProject\master.xml

00:27:42.375 [main] INFO  Testcases.TC02_Login - Redirecting to LoginPage
00:27:43.408 [main] INFO  Testcases.TC02_Login - Filling valid login credentials
00:27:44.666 [main] INFO  Testcases.TC02_Login - Successfully logged in
00:35:32.377 [main] DEBUG org.testng.TestNG - suiteXmlPath: "C:\eclipse-workspace\OpencartProject\master.xml"
00:35:33.072 [main] INFO  org.testng.internal.Utils - [TestNG] Running:
  C:\eclipse-workspace\OpencartProject\master.xml

00:35:45.445 [main] INFO  Testcases.TC02_Login - Redirecting to LoginPage
00:35:46.620 [main] INFO  Testcases.TC02_Login - Filling valid login credentials
00:35:49.363 [main] INFO  Testcases.TC02_Login - Successfully logged in
00:41:42.632 [main] DEBUG org.testng.TestNG - suiteXmlPath: "C:\eclipse-workspace\OpencartProject\master.xml"
00:41:43.196 [main] INFO  org.testng.internal.Utils - [TestNG] Running:
  C:\eclipse-workspace\OpencartProject\master.xml

00:41:50.193 [main] INFO  Testcases.TC02_Login - Redirecting to LoginPage
00:41:51.603 [main] INFO  Testcases.TC02_Login - Filling valid login credentials
00:41:54.001 [main] INFO  Testcases.TC02_Login - Successfully logged in
01:00:07.597 [main] DEBUG org.testng.TestNG - suiteXmlPath: "C:\eclipse-workspace\OpencartProject\master.xml"
01:00:08.152 [main] INFO  org.testng.internal.Utils - [TestNG] Running:
  C:\eclipse-workspace\OpencartProject\master.xml

01:00:16.618 [main] INFO  Testcases.TC02_Login - Redirecting to LoginPage
01:00:17.970 [main] INFO  Testcases.TC02_Login - Filling valid login credentials
01:00:20.298 [main] INFO  Testcases.TC02_Login - Successfully logged in
