21:13:06.622 [main] INFO  Testcases.TC02_Login - Successfully logged in
21:13:15.670 [main] INFO  Testcases.TC02_Login - Redirecting to LoginPage
21:13:16.935 [main] INFO  Testcases.TC02_Login - Filling valid login credentials
21:13:18.697 [main] INFO  Testcases.TC02_Login - Successfully logged in
21:34:33.269 [main] DEBUG org.testng.TestNG - suiteXmlPath: "C:\eclipse-workspace\OpencartProject\grid docker.xml"
21:34:33.820 [main] INFO  org.testng.internal.Utils - [TestNG] Running:
  C:\eclipse-workspace\OpencartProject\grid docker.xml

21:34:49.599 [main] INFO  Testcases.TC02_Login - Redirecting to LoginPage
21:34:50.922 [main] INFO  Testcases.TC02_Login - Filling valid login credentials
21:34:52.890 [main] INFO  Testcases.TC02_Login - Successfully logged in
21:35:06.289 [main] INFO  Testcases.TC02_Login - Redirecting to LoginPage
21:35:07.227 [main] INFO  Testcases.TC02_Login - Filling valid login credentials
21:35:09.325 [main] INFO  Testcases.TC02_Login - Successfully logged in
21:43:26.708 [main] DEBUG org.testng.TestNG - suiteXmlPath: "C:\eclipse-workspace\OpencartProject\grid docker.xml"
21:43:27.139 [main] INFO  org.testng.internal.Utils - [TestNG] Running:
  C:\eclipse-workspace\OpencartProject\grid docker.xml

21:43:34.237 [main] INFO  Testcases.TC02_Login - Redirecting to LoginPage
21:43:35.133 [main] INFO  Testcases.TC02_Login - Filling valid login credentials
21:43:37.146 [main] INFO  Testcases.TC02_Login - Successfully logged in
21:43:45.220 [main] INFO  Testcases.TC02_Login - Redirecting to LoginPage
21:43:46.604 [main] INFO  Testcases.TC02_Login - Filling valid login credentials
21:43:48.575 [main] INFO  Testcases.TC02_Login - Successfully logged in
22:46:17.966 [main] DEBUG org.testng.TestNG - suiteXmlPath: "C:\eclipse-workspace\OpencartProject\grid docker.xml"
22:46:18.991 [main] INFO  org.testng.internal.Utils - [TestNG] Running:
  C:\eclipse-workspace\OpencartProject\grid docker.xml

22:46:30.139 [main] INFO  Testcases.TC02_Login - Redirecting to LoginPage
22:46:32.680 [main] INFO  Testcases.TC02_Login - Filling valid login credentials
22:46:34.959 [main] INFO  Testcases.TC02_Login - Successfully logged in
22:46:43.601 [main] INFO  Testcases.TC02_Login - Redirecting to LoginPage
22:46:44.601 [main] INFO  Testcases.TC02_Login - Filling valid login credentials
22:46:46.183 [main] INFO  Testcases.TC02_Login - Successfully logged in
22:48:04.212 [main] DEBUG org.testng.TestNG - suiteXmlPath: "C:\eclipse-workspace\OpencartProject\grid docker.xml"
22:48:04.963 [main] INFO  org.testng.internal.Utils - [TestNG] Running:
  C:\eclipse-workspace\OpencartProject\grid docker.xml

22:48:18.346 [main] INFO  Testcases.TC02_Login - Redirecting to LoginPage
22:48:20.184 [main] INFO  Testcases.TC02_Login - Filling valid login credentials
22:48:22.609 [main] INFO  Testcases.TC02_Login - Successfully logged in
22:48:36.911 [main] INFO  Testcases.TC02_Login - Redirecting to LoginPage
22:48:39.011 [main] INFO  Testcases.TC02_Login - Filling valid login credentials
22:56:48.654 [main] DEBUG org.testng.TestNG - suiteXmlPath: "C:\eclipse-workspace\OpencartProject\grid docker.xml"
22:56:49.371 [main] INFO  org.testng.internal.Utils - [TestNG] Running:
  C:\eclipse-workspace\OpencartProject\grid docker.xml

22:56:57.035 [main] INFO  Testcases.TC02_Login - Redirecting to LoginPage
22:56:58.850 [main] INFO  Testcases.TC02_Login - Filling valid login credentials
22:57:01.451 [main] INFO  Testcases.TC02_Login - Successfully logged in
22:57:11.132 [main] INFO  Testcases.TC02_Login - Redirecting to LoginPage
22:57:12.616 [main] INFO  Testcases.TC02_Login - Filling valid login credentials
22:57:14.912 [main] INFO  Testcases.TC02_Login - Successfully logged in
00:07:25.144 [main] DEBUG org.testng.TestNG - suiteXmlPath: "C:\eclipse-workspace\OpencartProject\grid docker.xml"
00:07:26.386 [main] INFO  org.testng.internal.Utils - [TestNG] Running:
  C:\eclipse-workspace\OpencartProject\grid docker.xml

00:07:36.454 [main] INFO  Testcases.TC02_Login - Redirecting to LoginPage
00:07:37.891 [main] INFO  Testcases.TC02_Login - Filling valid login credentials
00:07:41.380 [main] INFO  Testcases.TC02_Login - Successfully logged in
00:07:52.797 [main] INFO  Testcases.TC02_Login - Redirecting to LoginPage
00:07:54.730 [main] INFO  Testcases.TC02_Login - Filling valid login credentials
00:07:57.460 [main] INFO  Testcases.TC02_Login - Successfully logged in
12:16:58.403 [main] DEBUG org.testng.TestNG - suiteXmlPath: "C:\eclipse-workspace\OpencartProject\grid docker.xml"
12:17:00.409 [main] INFO  org.testng.internal.Utils - [TestNG] Running:
  C:\eclipse-workspace\OpencartProject\grid docker.xml

12:21:16.224 [main] DEBUG org.testng.TestNG - suiteXmlPath: "C:\eclipse-workspace\OpencartProject\master.xml"
12:26:28.005 [main] DEBUG org.testng.TestNG - suiteXmlPath: "C:\eclipse-workspace\OpencartProject\master.xml"
12:26:41.891 [main] INFO  Testcases.TC02_Login - Redirecting to LoginPage
